2021-12-15 10:59:42 WARNING (MainThread) [homeassistant.config_entries] Config entry 'M5' for upnp integration not ready yet: Cannot connect to host 2806:1000:8000:36cf:423f:8cff:feb2:f6e8:1900 ssl:default [Network unreachable]; Retrying in background
2021-12-15 11:27:52 WARNING (MainThread) [haffmpeg.tools] Timeout reading image.
2021-12-15 11:28:22 WARNING (MainThread) [haffmpeg.tools] Timeout reading image.
2021-12-15 11:29:22 WARNING (MainThread) [haffmpeg.tools] Timeout reading image.
2021-12-15 11:29:53 WARNING (MainThread) [haffmpeg.tools] Timeout reading image.
2021-12-15 11:31:02 WARNING (MainThread) [haffmpeg.tools] Timeout reading image.
2021-12-15 11:31:19 ERROR (MainThread) [frontend.js.latest.202112120] :0:0 Script error.
2021-12-15 11:31:25 ERROR (MainThread) [frontend.js.latest.202112120] :0:0 Script error.
2021-12-15 11:32:22 WARNING (MainThread) [haffmpeg.tools] Timeout reading image.
2021-12-15 11:50:06 ERROR (stream_worker) [homeassistant.components.stream] Error from stream worker: Error opening stream rtsps://****:****@aws-tractor2.tuyaus.com:443/v1/proxy/echo_show/1a8a030e13674fffadc6e8b1eba40ea80ea1456e4a05c99b
2021-12-15 11:50:07 ERROR (MainThread) [frontend.js.latest.202112120] https://tu203d.duckdns.org/frontend_latest/93104ce0.js:8:3340 Uncaught TypeError: Cannot read properties of null (reading 'removeAttribute')
2021-12-15 11:53:04 WARNING (MainThread) [haffmpeg.tools] Timeout reading image.
2021-12-15 11:54:04 WARNING (MainThread) [haffmpeg.tools] Timeout reading image.
2021-12-15 11:54:44 WARNING (MainThread) [haffmpeg.tools] Timeout reading image.
2021-12-15 11:56:04 WARNING (MainThread) [haffmpeg.tools] Timeout reading image.
2021-12-15 11:56:11 WARNING (MainThread) [haffmpeg.tools] Timeout reading image.
2021-12-15 11:56:54 WARNING (MainThread) [haffmpeg.tools] Timeout reading image.
2021-12-15 12:02:08 WARNING (MainThread) [haffmpeg.tools] Timeout reading image.
2021-12-15 12:02:28 WARNING (MainThread) [haffmpeg.tools] Timeout reading image.
2021-12-15 12:02:48 WARNING (MainThread) [haffmpeg.tools] Timeout reading image.
